2024-10-11 16:16:19,588 [main] INFO MyMavenProject - Click on gender button..
2024-10-11 16:16:22,522 [main] INFO MyMavenProject - Click on next button..
2024-10-11 16:16:25,236 [main] INFO MyMavenProject - Handling age dropdown
2024-10-11 16:16:30,753 [main] INFO MyMavenProject - click on next button..
2024-10-11 16:16:32,859 [main] INFO MyMavenProject - Enter pincode..
2024-10-11 16:16:35,538 [main] WARN MyMavenProject - Please enter valid pincode
2024-10-11 16:16:35,540 [main] INFO MyMavenProject - Enter mobile number..
2024-10-11 16:16:37,857 [main] WARN MyMavenProject - Please enter valid mobile number
2024-10-11 16:16:37,862 [main] INFO MyMavenProject - Click on continue button..
2024-10-11 16:21:50,869 [main] INFO MyMavenProject - Click on gender button..
2024-10-11 16:21:53,759 [main] INFO MyMavenProject - Click on next button..
2024-10-11 16:21:55,952 [main] INFO MyMavenProject - Handling age dropdown
2024-10-11 16:21:59,758 [main] INFO MyMavenProject - click on next button..
2024-10-11 16:22:01,890 [main] INFO MyMavenProject - Enter pincode..
2024-10-11 16:22:04,371 [main] WARN MyMavenProject - Please enter valid pincode
2024-10-11 16:22:04,372 [main] INFO MyMavenProject - Enter mobile number..
2024-10-11 16:22:06,592 [main] WARN MyMavenProject - Please enter valid mobile number
2024-10-11 16:22:06,593 [main] INFO MyMavenProject - Click on continue button..
2024-10-11 16:25:37,006 [main] INFO MyMavenProject - Click on gender button..
2024-10-11 16:25:40,754 [main] INFO MyMavenProject - Click on next button..
2024-10-11 16:25:43,146 [main] INFO MyMavenProject - Handling age dropdown
2024-10-11 16:25:46,688 [main] INFO MyMavenProject - click on next button..
2024-10-11 16:25:48,817 [main] INFO MyMavenProject - Enter pincode..
2024-10-11 16:25:51,093 [main] WARN MyMavenProject - Please enter valid pincode
2024-10-11 16:25:51,094 [main] INFO MyMavenProject - Enter mobile number..
2024-10-11 16:25:53,354 [main] WARN MyMavenProject - Please enter valid mobile number
2024-10-11 16:25:53,355 [main] INFO MyMavenProject - Click on continue button..
2024-10-11 16:40:10,941 [main] INFO MyMavenProject - Click on gender button..
2024-10-11 16:40:13,906 [main] INFO MyMavenProject - Click on next button..
2024-10-11 16:40:16,690 [main] INFO MyMavenProject - Handling age dropdown
2024-10-11 16:40:20,679 [main] INFO MyMavenProject - click on next button..
2024-10-11 16:40:22,842 [main] INFO MyMavenProject - Enter pincode..
2024-10-11 16:40:25,126 [main] WARN MyMavenProject - Please enter valid pincode
2024-10-11 16:40:25,127 [main] INFO MyMavenProject - Enter mobile number..
2024-10-11 16:40:27,432 [main] WARN MyMavenProject - Please enter valid mobile number
2024-10-11 16:40:27,433 [main] INFO MyMavenProject - Click on continue button..
2024-10-11 20:23:56,863 [main] INFO MyMavenProject - Click on gender button..
2024-10-11 20:24:00,041 [main] INFO MyMavenProject - Click on next button..
2024-10-11 20:24:02,252 [main] INFO MyMavenProject - Handling age dropdown
2024-10-11 20:24:07,472 [main] INFO MyMavenProject - click on next button..
2024-10-11 20:24:09,649 [main] INFO MyMavenProject - Enter pincode..
2024-10-11 20:24:12,147 [main] WARN MyMavenProject - Please enter valid pincode
2024-10-11 20:24:12,149 [main] INFO MyMavenProject - Enter mobile number..
2024-10-11 20:24:14,616 [main] WARN MyMavenProject - Please enter valid mobile number
2024-10-11 20:24:14,619 [main] INFO MyMavenProject - Click on continue button..
2024-10-11 23:09:48,748 [main] INFO MyMavenProject - Click on gender button..
2024-10-11 23:09:51,917 [main] INFO MyMavenProject - Click on next button..
2024-10-11 23:09:54,094 [main] INFO MyMavenProject - Handling age dropdown
2024-10-11 23:09:57,817 [main] INFO MyMavenProject - click on next button..
2024-10-11 23:09:59,949 [main] INFO MyMavenProject - Enter mobile number..
2024-10-11 23:10:02,208 [main] WARN MyMavenProject - Please enter valid mobile number
2024-10-11 23:10:02,209 [main] INFO MyMavenProject - Click on continue button..
2024-10-11 23:10:09,783 [main] INFO MyMavenProject - Click on gender button..
2024-10-11 23:10:13,241 [main] INFO MyMavenProject - Click on next button..
2024-10-11 23:10:15,390 [main] INFO MyMavenProject - Handling age dropdown
2024-10-11 23:10:17,720 [main] INFO MyMavenProject - click on next button..
2024-10-11 23:10:19,826 [main] INFO MyMavenProject - Enter pincode..
2024-10-11 23:10:22,022 [main] WARN MyMavenProject - Please enter valid pincode
2024-10-11 23:10:22,023 [main] INFO MyMavenProject - Click on continue button..
2024-10-11 23:13:59,573 [main] INFO MyMavenProject - Click on gender button..
2024-10-11 23:14:02,338 [main] INFO MyMavenProject - Click on next button..
2024-10-11 23:14:04,504 [main] INFO MyMavenProject - Handling age dropdown
2024-10-11 23:14:06,769 [main] INFO MyMavenProject - click on next button..
2024-10-11 23:14:08,920 [main] INFO MyMavenProject - Click on continue button..
2024-10-11 23:15:33,700 [main] INFO MyMavenProject - Click on gender button..
2024-10-11 23:15:36,420 [main] INFO MyMavenProject - Click on next button..
2024-10-11 23:15:38,616 [main] INFO MyMavenProject - Handling age dropdown
2024-10-11 23:15:42,063 [main] INFO MyMavenProject - click on next button..
2024-10-11 23:15:44,197 [main] INFO MyMavenProject - Enter mobile number..
2024-10-11 23:15:46,441 [main] WARN MyMavenProject - Please enter valid mobile number
2024-10-11 23:15:46,442 [main] INFO MyMavenProject - Click on continue button..
2024-10-11 23:20:06,744 [main] INFO MyMavenProject - Click on gender button..
2024-10-11 23:20:09,649 [main] INFO MyMavenProject - Click on next button..
2024-10-11 23:20:12,474 [main] INFO MyMavenProject - Handling age dropdown
2024-10-11 23:20:17,012 [main] INFO MyMavenProject - click on next button..
2024-10-11 23:20:19,158 [main] INFO MyMavenProject - Enter mobile number..
2024-10-11 23:20:21,535 [main] WARN MyMavenProject - Please enter valid mobile number
2024-10-11 23:20:21,536 [main] INFO MyMavenProject - Click on continue button..
2024-10-11 23:20:28,660 [main] INFO MyMavenProject - Click on gender button..
2024-10-11 23:20:31,292 [main] INFO MyMavenProject - Click on next button..
2024-10-11 23:20:33,451 [main] INFO MyMavenProject - Handling age dropdown
2024-10-11 23:20:35,743 [main] INFO MyMavenProject - click on next button..
2024-10-11 23:20:37,838 [main] INFO MyMavenProject - Enter pincode..
2024-10-11 23:20:40,064 [main] WARN MyMavenProject - Please enter valid pincode
2024-10-11 23:20:40,066 [main] INFO MyMavenProject - Click on continue button..
2024-10-11 23:44:36,778 [main] INFO MyMavenProject - Launching Browser
2024-10-11 23:44:43,078 [main] INFO MyMavenProject - Click on gender button..
2024-10-11 23:44:45,764 [main] INFO MyMavenProject - Click on next button..
2024-10-11 23:44:47,932 [main] INFO MyMavenProject - Handling age dropdown
2024-10-11 23:44:51,424 [main] INFO MyMavenProject - click on next button..
2024-10-11 23:44:53,584 [main] INFO MyMavenProject - Enter mobile number..
2024-10-11 23:44:55,829 [main] WARN MyMavenProject - Please enter valid mobile number
2024-10-11 23:44:55,830 [main] INFO MyMavenProject - Click on continue button..
2024-10-11 23:44:59,059 [main] INFO MyMavenProject - Closing Browser
2024-10-11 23:44:59,359 [main] INFO MyMavenProject - Launching Browser
2024-10-11 23:45:02,801 [main] INFO MyMavenProject - Click on gender button..
2024-10-11 23:45:05,595 [main] INFO MyMavenProject - Click on next button..
2024-10-11 23:45:07,714 [main] INFO MyMavenProject - Handling age dropdown
2024-10-11 23:45:10,155 [main] INFO MyMavenProject - click on next button..
2024-10-11 23:45:12,295 [main] INFO MyMavenProject - Enter pincode..
2024-10-11 23:45:14,505 [main] WARN MyMavenProject - Please enter valid pincode
2024-10-11 23:45:14,505 [main] INFO MyMavenProject - Click on continue button..
2024-10-11 23:51:04,993 [main] INFO MyMavenProject - Launching Browser
2024-10-11 23:56:23,329 [main] INFO MyMavenProject - Launching Browser
2024-10-11 23:58:44,183 [main] INFO MyMavenProject - Click on gender button..
2024-10-11 23:58:48,134 [main] INFO MyMavenProject - Click on next button..
2024-10-11 23:58:50,268 [main] INFO MyMavenProject - Handling age dropdown
2024-10-11 23:58:53,748 [main] INFO MyMavenProject - click on next button..
2024-10-11 23:58:55,919 [main] INFO MyMavenProject - Enter mobile number..
2024-10-11 23:58:58,133 [main] WARN MyMavenProject - Please enter valid mobile number
2024-10-11 23:58:58,134 [main] INFO MyMavenProject - Click on continue button..
2024-10-11 23:59:01,345 [main] INFO MyMavenProject - Closing Browser
2024-10-11 23:59:05,190 [main] INFO MyMavenProject - Click on gender button..
2024-10-11 23:59:07,769 [main] INFO MyMavenProject - Click on next button..
2024-10-11 23:59:09,946 [main] INFO MyMavenProject - Handling age dropdown
2024-10-11 23:59:12,291 [main] INFO MyMavenProject - click on next button..
2024-10-11 23:59:14,430 [main] INFO MyMavenProject - Enter pincode..
2024-10-11 23:59:16,617 [main] WARN MyMavenProject - Please enter valid pincode
2024-10-11 23:59:16,618 [main] INFO MyMavenProject - Click on continue button..
2024-10-12 00:05:19,975 [main] INFO MyMavenProject - Click on gender button..
2024-10-12 00:05:22,968 [main] INFO MyMavenProject - Click on next button..
2024-10-12 00:05:25,068 [main] INFO MyMavenProject - Handling age dropdown
2024-10-12 00:05:28,560 [main] INFO MyMavenProject - click on next button..
2024-10-12 00:05:30,680 [main] INFO MyMavenProject - Enter pincode..
2024-10-12 00:05:32,913 [main] WARN MyMavenProject - Please enter valid pincode
2024-10-12 00:05:32,914 [main] INFO MyMavenProject - Click on continue button..
2024-10-12 00:06:38,493 [main] INFO MyMavenProject - Click on gender button..
2024-10-12 00:06:41,489 [main] INFO MyMavenProject - Click on next button..
2024-10-12 00:06:43,621 [main] INFO MyMavenProject - Handling age dropdown
2024-10-12 00:06:47,407 [main] INFO MyMavenProject - click on next button..
2024-10-12 00:06:49,517 [main] INFO MyMavenProject - Click on continue button..
2024-10-12 00:06:52,905 [main] INFO MyMavenProject - Closing Browser
2024-10-12 00:08:06,624 [main] INFO MyMavenProject - Click on gender button..
2024-10-12 00:08:09,623 [main] INFO MyMavenProject - Click on next button..
2024-10-12 00:08:11,748 [main] INFO MyMavenProject - Handling age dropdown
2024-10-12 00:08:15,538 [main] INFO MyMavenProject - click on next button..
2024-10-12 00:08:17,665 [main] INFO MyMavenProject - Enter pincode..
2024-10-12 00:08:19,888 [main] WARN MyMavenProject - Please enter valid pincode
2024-10-12 00:08:19,889 [main] INFO MyMavenProject - Click on continue button..
2024-10-12 00:11:17,354 [main] INFO MyMavenProject - Click on gender button..
2024-10-12 00:11:21,629 [main] INFO MyMavenProject - Click on next button..
2024-10-12 00:11:23,041 [main] INFO MyMavenProject - Closing Browser
2024-10-12 00:11:23,771 [main] INFO MyMavenProject - Handling age dropdown
2024-10-12 00:11:27,488 [main] INFO MyMavenProject - click on next button..
2024-10-12 00:11:29,634 [main] INFO MyMavenProject - Enter mobile number..
2024-10-12 00:11:31,901 [main] WARN MyMavenProject - Please enter valid mobile number
2024-10-12 00:11:31,902 [main] INFO MyMavenProject - Click on continue button..
2024-10-12 00:11:35,192 [main] INFO MyMavenProject - Closing Browser
2024-10-12 00:11:40,300 [main] INFO MyMavenProject - Click on gender button..
2024-10-12 00:11:43,307 [main] INFO MyMavenProject - Click on next button..
2024-10-12 00:11:45,414 [main] INFO MyMavenProject - Handling age dropdown
2024-10-12 00:11:47,750 [main] INFO MyMavenProject - click on next button..
2024-10-12 00:11:49,887 [main] INFO MyMavenProject - Enter pincode..
2024-10-12 00:11:52,132 [main] WARN MyMavenProject - Please enter valid pincode
2024-10-12 00:11:52,133 [main] INFO MyMavenProject - Click on continue button..
2024-10-12 00:11:55,366 [main] INFO MyMavenProject - Closing Browser
2024-10-12 00:12:00,143 [main] INFO MyMavenProject - Click on gender button..
2024-10-12 00:12:03,382 [main] INFO MyMavenProject - Click on next button..
2024-10-12 00:12:05,499 [main] INFO MyMavenProject - Handling age dropdown
2024-10-12 00:12:07,845 [main] INFO MyMavenProject - click on next button..
2024-10-12 00:12:09,977 [main] INFO MyMavenProject - Click on continue button..
2024-10-12 00:12:13,321 [main] INFO MyMavenProject - Closing Browser
2024-10-12 00:14:51,334 [main] INFO MyMavenProject - Click on gender button..
2024-10-12 00:14:54,271 [main] INFO MyMavenProject - Click on next button..
2024-10-12 00:14:56,734 [main] INFO MyMavenProject - Handling age dropdown
2024-10-12 00:15:00,152 [main] INFO MyMavenProject - click on next button..
2024-10-12 00:15:02,308 [main] INFO MyMavenProject - Enter pincode..
2024-10-12 00:15:04,562 [main] WARN MyMavenProject - Please enter valid pincode
2024-10-12 00:15:04,564 [main] INFO MyMavenProject - Enter mobile number..
2024-10-12 00:15:06,777 [main] WARN MyMavenProject - Please enter valid mobile number
2024-10-12 00:15:06,778 [main] INFO MyMavenProject - Click on continue button..
2024-10-12 00:16:45,978 [main] INFO MyMavenProject - Click on gender button..
2024-10-12 00:16:49,418 [main] INFO MyMavenProject - Click on next button..
2024-10-12 00:16:51,557 [main] INFO MyMavenProject - Handling age dropdown
2024-10-12 00:16:55,078 [main] INFO MyMavenProject - click on next button..
2024-10-12 00:16:57,201 [main] INFO MyMavenProject - Enter pincode..
2024-10-12 00:16:59,410 [main] WARN MyMavenProject - Please enter valid pincode
2024-10-12 00:16:59,413 [main] INFO MyMavenProject - Enter mobile number..
2024-10-12 00:17:01,603 [main] WARN MyMavenProject - Please enter valid mobile number
2024-10-12 00:17:01,604 [main] INFO MyMavenProject - Click on continue button..
2024-10-12 00:17:12,411 [main] INFO MyMavenProject - Click on gender button..
2024-10-12 00:17:15,361 [main] INFO MyMavenProject - Click on next button..
2024-10-12 00:17:17,567 [main] INFO MyMavenProject - Handling age dropdown
2024-10-12 00:17:21,298 [main] INFO MyMavenProject - click on next button..
2024-10-12 00:17:23,520 [main] INFO MyMavenProject - Enter mobile number..
2024-10-12 00:17:25,891 [main] WARN MyMavenProject - Please enter valid mobile number
2024-10-12 00:17:25,892 [main] INFO MyMavenProject - Click on continue button..
2024-10-12 00:17:29,141 [main] INFO MyMavenProject - Closing Browser
2024-10-12 00:17:36,580 [main] INFO MyMavenProject - Click on gender button..
2024-10-12 00:18:21,082 [main] INFO MyMavenProject - Click on next button..
2024-10-12 00:18:23,235 [main] INFO MyMavenProject - Handling age dropdown
2024-10-12 00:18:25,554 [main] INFO MyMavenProject - click on next button..
2024-10-12 00:18:27,668 [main] INFO MyMavenProject - Enter pincode..
2024-10-12 00:18:29,835 [main] WARN MyMavenProject - Please enter valid pincode
2024-10-12 00:18:29,836 [main] INFO MyMavenProject - Click on continue button..
2024-10-12 00:18:33,066 [main] INFO MyMavenProject - Closing Browser
2024-10-12 00:19:24,419 [main] INFO MyMavenProject - Click on gender button..
2024-10-12 00:19:27,129 [main] INFO MyMavenProject - Click on next button..
2024-10-12 00:19:29,229 [main] INFO MyMavenProject - Handling age dropdown
2024-10-12 00:19:33,050 [main] INFO MyMavenProject - click on next button..
2024-10-12 00:19:35,177 [main] INFO MyMavenProject - Enter mobile number..
2024-10-12 00:19:37,410 [main] WARN MyMavenProject - Please enter valid mobile number
2024-10-12 00:19:37,411 [main] INFO MyMavenProject - Click on continue button..
2024-10-12 00:19:40,660 [main] INFO MyMavenProject - Closing Browser
2024-10-12 00:20:59,184 [main] INFO MyMavenProject - Click on gender button..
2024-10-12 00:21:02,015 [main] INFO MyMavenProject - Click on next button..
2024-10-12 00:21:04,456 [main] INFO MyMavenProject - Handling age dropdown
2024-10-12 00:21:08,145 [main] INFO MyMavenProject - click on next button..
2024-10-12 00:21:10,269 [main] INFO MyMavenProject - Enter pincode..
2024-10-12 00:21:12,522 [main] WARN MyMavenProject - Please enter valid pincode
2024-10-12 00:21:12,523 [main] INFO MyMavenProject - Enter mobile number..
2024-10-12 00:21:14,770 [main] WARN MyMavenProject - Please enter valid mobile number
2024-10-12 00:21:14,772 [main] INFO MyMavenProject - Click on continue button..
2024-10-12 00:21:26,720 [main] INFO MyMavenProject - Click on gender button..
2024-10-12 00:21:29,475 [main] INFO MyMavenProject - Click on next button..
2024-10-12 00:21:31,569 [main] INFO MyMavenProject - Handling age dropdown
2024-10-12 00:21:33,910 [main] INFO MyMavenProject - click on next button..
2024-10-12 00:21:36,001 [main] INFO MyMavenProject - Enter mobile number..
2024-10-12 00:21:38,207 [main] WARN MyMavenProject - Please enter valid mobile number
2024-10-12 00:21:38,208 [main] INFO MyMavenProject - Click on continue button..
2024-10-12 00:21:41,397 [main] INFO MyMavenProject - Closing Browser
2024-10-14 09:59:27,184 [main] INFO MyMavenProject - Click on gender button..
2024-10-14 09:59:30,344 [main] INFO MyMavenProject - Click on next button..
2024-10-14 09:59:32,742 [main] INFO MyMavenProject - Handling age dropdown
2024-10-14 09:59:36,608 [main] INFO MyMavenProject - click on next button..
2024-10-14 09:59:38,730 [main] INFO MyMavenProject - Enter mobile number..
2024-10-14 09:59:40,984 [main] WARN MyMavenProject - Please enter valid mobile number
2024-10-14 09:59:40,986 [main] INFO MyMavenProject - Click on continue button..
2024-10-14 09:59:44,290 [main] INFO MyMavenProject - Closing Browser
2024-10-14 09:59:49,409 [main] INFO MyMavenProject - Click on gender button..
2024-10-14 09:59:52,275 [main] INFO MyMavenProject - Click on next button..
2024-10-14 09:59:55,180 [main] INFO MyMavenProject - Handling age dropdown
2024-10-14 09:59:57,525 [main] INFO MyMavenProject - click on next button..
2024-10-14 09:59:59,642 [main] INFO MyMavenProject - Enter pincode..
2024-10-14 10:00:01,840 [main] WARN MyMavenProject - Please enter valid pincode
2024-10-14 10:00:01,841 [main] INFO MyMavenProject - Click on continue button..
2024-10-14 10:00:05,092 [main] INFO MyMavenProject - Closing Browser
2024-10-14 10:00:09,075 [main] INFO MyMavenProject - Click on gender button..
2024-10-14 10:00:11,894 [main] INFO MyMavenProject - Click on next button..
2024-10-14 10:00:14,072 [main] INFO MyMavenProject - Handling age dropdown
2024-10-14 10:00:16,365 [main] INFO MyMavenProject - click on next button..
2024-10-14 10:00:18,480 [main] INFO MyMavenProject - Click on continue button..
2024-10-14 10:00:21,887 [main] INFO MyMavenProject - Closing Browser
2024-10-14 10:02:16,966 [main] INFO MyMavenProject - Click on gender button..
2024-10-14 10:02:19,684 [main] INFO MyMavenProject - Click on next button..
2024-10-14 10:02:21,947 [main] INFO MyMavenProject - Handling age dropdown
2024-10-14 10:02:25,457 [main] INFO MyMavenProject - click on next button..
2024-10-14 10:02:27,569 [main] INFO MyMavenProject - Enter pincode..
2024-10-14 10:02:29,849 [main] WARN MyMavenProject - Please enter valid pincode
2024-10-14 10:02:29,849 [main] INFO MyMavenProject - Enter mobile number..
2024-10-14 10:02:32,262 [main] WARN MyMavenProject - Please enter valid mobile number
2024-10-14 10:02:32,263 [main] INFO MyMavenProject - Click on continue button..
2024-10-14 10:02:44,472 [main] INFO MyMavenProject - Click on gender button..
2024-10-14 10:02:47,118 [main] INFO MyMavenProject - Click on next button..
2024-10-14 10:02:49,299 [main] INFO MyMavenProject - Handling age dropdown
2024-10-14 10:02:51,664 [main] INFO MyMavenProject - click on next button..
2024-10-14 10:02:53,928 [main] INFO MyMavenProject - Enter mobile number..
2024-10-14 10:02:56,147 [main] WARN MyMavenProject - Please enter valid mobile number
2024-10-14 10:02:56,148 [main] INFO MyMavenProject - Click on continue button..
2024-10-14 10:02:59,382 [main] INFO MyMavenProject - Closing Browser
2024-10-14 10:03:03,406 [main] INFO MyMavenProject - Click on gender button..
2024-10-14 10:03:06,298 [main] INFO MyMavenProject - Click on next button..
2024-10-14 10:03:08,748 [main] INFO MyMavenProject - Handling age dropdown
2024-10-14 10:03:11,058 [main] INFO MyMavenProject - click on next button..
2024-10-14 10:03:13,155 [main] INFO MyMavenProject - Enter pincode..
2024-10-14 10:03:15,461 [main] WARN MyMavenProject - Please enter valid pincode
2024-10-14 10:03:15,462 [main] INFO MyMavenProject - Click on continue button..
2024-10-14 10:03:18,717 [main] INFO MyMavenProject - Closing Browser
2024-10-14 10:03:22,391 [main] INFO MyMavenProject - Click on gender button..
2024-10-14 10:03:25,102 [main] INFO MyMavenProject - Click on next button..
2024-10-14 10:03:27,188 [main] INFO MyMavenProject - Handling age dropdown
2024-10-14 10:03:29,505 [main] INFO MyMavenProject - click on next button..
2024-10-14 10:03:31,606 [main] INFO MyMavenProject - Click on continue button..
2024-10-14 10:03:34,944 [main] INFO MyMavenProject - Closing Browser
2024-10-14 15:23:21,035 [main] INFO MyMavenProject - Click on gender button..
2024-10-14 15:23:24,924 [main] INFO MyMavenProject - Click on next button..
2024-10-14 15:23:27,430 [main] INFO MyMavenProject - Handling age dropdown
2024-10-14 15:23:31,087 [main] INFO MyMavenProject - click on next button..
2024-10-14 15:23:33,229 [main] INFO MyMavenProject - Enter pincode..
2024-10-14 15:23:35,488 [main] WARN MyMavenProject - Please enter valid pincode
2024-10-14 15:23:35,490 [main] INFO MyMavenProject - Enter mobile number..
2024-10-14 15:23:37,750 [main] WARN MyMavenProject - Please enter valid mobile number
2024-10-14 15:23:37,751 [main] INFO MyMavenProject - Click on continue button..
2024-10-18 11:33:12,099 [main] INFO MyMavenProject - Click on gender button..
2024-10-18 11:33:16,313 [main] INFO MyMavenProject - Click on next button..
2024-10-18 11:33:18,411 [main] INFO MyMavenProject - Handling age dropdown
2024-10-18 11:33:22,426 [main] INFO MyMavenProject - click on next button..
2024-10-18 11:33:24,533 [main] INFO MyMavenProject - Enter pincode..
2024-10-18 11:33:26,791 [main] WARN MyMavenProject - Please enter valid pincode
2024-10-18 11:33:26,792 [main] INFO MyMavenProject - Enter mobile number..
2024-10-18 11:33:29,057 [main] WARN MyMavenProject - Please enter valid mobile number
2024-10-18 11:33:29,058 [main] INFO MyMavenProject - Click on continue button..
2024-10-18 11:56:57,096 [main] INFO MyMavenProject - Click on gender button..
2024-10-18 11:56:59,862 [main] INFO MyMavenProject - Click on next button..
2024-10-18 11:57:02,084 [main] INFO MyMavenProject - Handling age dropdown
2024-10-18 11:57:05,645 [main] INFO MyMavenProject - click on next button..
2024-10-18 11:57:07,828 [main] INFO MyMavenProject - Enter pincode..
2024-10-18 11:57:10,065 [main] WARN MyMavenProject - Please enter valid pincode
2024-10-18 11:57:10,067 [main] INFO MyMavenProject - Enter mobile number..
2024-10-18 11:57:12,266 [main] WARN MyMavenProject - Please enter valid mobile number
2024-10-18 11:57:12,267 [main] INFO MyMavenProject - Click on continue button..
2024-10-18 11:57:25,243 [main] INFO MyMavenProject - Click on gender button..
2024-10-18 11:57:28,318 [main] INFO MyMavenProject - Click on next button..
2024-10-18 11:57:30,484 [main] INFO MyMavenProject - Handling age dropdown
2024-10-18 11:57:33,145 [main] INFO MyMavenProject - click on next button..
2024-10-18 11:57:35,272 [main] INFO MyMavenProject - Enter mobile number..
2024-10-18 11:57:37,495 [main] WARN MyMavenProject - Please enter valid mobile number
2024-10-18 11:57:37,497 [main] INFO MyMavenProject - Click on continue button..
2024-10-18 11:57:40,722 [main] INFO MyMavenProject - Closing Browser
2024-10-18 11:57:51,222 [main] INFO MyMavenProject - Click on gender button..
2024-10-18 11:57:54,333 [main] INFO MyMavenProject - Click on next button..
2024-10-18 11:57:58,653 [main] INFO MyMavenProject - Handling age dropdown
2024-10-18 11:58:00,926 [main] INFO MyMavenProject - click on next button..
2024-10-18 11:58:03,348 [main] INFO MyMavenProject - Enter pincode..
2024-10-18 11:58:06,711 [main] WARN MyMavenProject - Please enter valid pincode
2024-10-18 11:58:06,712 [main] INFO MyMavenProject - Click on continue button..
2024-10-18 11:58:09,891 [main] INFO MyMavenProject - Closing Browser
2024-10-18 11:58:19,944 [main] INFO MyMavenProject - Click on gender button..
2024-10-18 11:58:22,731 [main] INFO MyMavenProject - Click on next button..
2024-10-18 11:58:24,891 [main] INFO MyMavenProject - Handling age dropdown
2024-10-18 11:58:27,160 [main] INFO MyMavenProject - click on next button..
2024-10-18 11:58:29,276 [main] INFO MyMavenProject - Click on continue button..
2024-10-18 11:58:32,611 [main] INFO MyMavenProject - Closing Browser
2024-10-18 11:59:29,696 [main] INFO MyMavenProject - Click on gender button..
2024-10-18 11:59:35,383 [main] INFO MyMavenProject - Click on next button..
2024-10-18 11:59:37,565 [main] INFO MyMavenProject - Handling age dropdown
2024-10-18 11:59:41,476 [main] INFO MyMavenProject - click on next button..
2024-10-18 11:59:43,587 [main] INFO MyMavenProject - Enter pincode..
2024-10-18 11:59:45,803 [main] WARN MyMavenProject - Please enter valid pincode
2024-10-18 11:59:45,805 [main] INFO MyMavenProject - Enter mobile number..
2024-10-18 11:59:48,152 [main] WARN MyMavenProject - Please enter valid mobile number
2024-10-18 11:59:48,153 [main] INFO MyMavenProject - Click on continue button..
2024-10-18 12:00:01,751 [main] INFO MyMavenProject - Click on gender button..
2024-10-18 12:00:04,473 [main] INFO MyMavenProject - Click on next button..
2024-10-18 12:00:06,861 [main] INFO MyMavenProject - Handling age dropdown
2024-10-18 12:00:09,225 [main] INFO MyMavenProject - click on next button..
2024-10-18 12:00:11,332 [main] INFO MyMavenProject - Enter mobile number..
2024-10-18 12:00:13,605 [main] WARN MyMavenProject - Please enter valid mobile number
2024-10-18 12:00:13,606 [main] INFO MyMavenProject - Click on continue button..
2024-10-18 12:00:16,783 [main] INFO MyMavenProject - Closing Browser
2024-10-18 12:00:23,398 [main] INFO MyMavenProject - Click on gender button..
2024-10-18 12:00:26,114 [main] INFO MyMavenProject - Click on next button..
2024-10-18 12:00:28,284 [main] INFO MyMavenProject - Handling age dropdown
2024-10-18 12:00:30,552 [main] INFO MyMavenProject - click on next button..
2024-10-18 12:00:32,703 [main] INFO MyMavenProject - Enter pincode..
2024-10-18 12:00:34,912 [main] WARN MyMavenProject - Please enter valid pincode
2024-10-18 12:00:34,913 [main] INFO MyMavenProject - Click on continue button..
2024-10-18 12:00:38,124 [main] INFO MyMavenProject - Closing Browser
2024-10-18 12:00:43,511 [main] INFO MyMavenProject - Click on gender button..
2024-10-18 12:00:48,575 [main] INFO MyMavenProject - Click on next button..
2024-10-18 12:00:50,749 [main] INFO MyMavenProject - Handling age dropdown
2024-10-18 12:00:53,004 [main] INFO MyMavenProject - click on next button..
2024-10-18 12:00:55,141 [main] INFO MyMavenProject - Click on continue button..
2024-10-18 12:00:58,432 [main] INFO MyMavenProject - Closing Browser
2024-10-18 12:38:43,076 [main] INFO MyMavenProject - Click on gender button..
2024-10-18 12:38:46,370 [main] INFO MyMavenProject - Click on next button..
2024-10-18 12:38:49,186 [main] INFO MyMavenProject - Handling age dropdown
2024-10-18 12:38:55,385 [main] INFO MyMavenProject - click on next button..
2024-10-18 12:38:57,584 [main] INFO MyMavenProject - Enter pincode..
2024-10-18 12:39:00,232 [main] WARN MyMavenProject - Please enter valid pincode
2024-10-18 12:39:00,233 [main] INFO MyMavenProject - Enter mobile number..
2024-10-18 12:39:02,696 [main] WARN MyMavenProject - Please enter valid mobile number
2024-10-18 12:39:02,698 [main] INFO MyMavenProject - Click on continue button..
2024-10-18 12:39:19,117 [main] INFO MyMavenProject - Click on gender button..
2024-10-18 12:39:22,123 [main] INFO MyMavenProject - Click on next button..
2024-10-18 12:39:24,344 [main] INFO MyMavenProject - Handling age dropdown
2024-10-18 12:39:27,503 [main] INFO MyMavenProject - click on next button..
2024-10-18 12:39:29,676 [main] INFO MyMavenProject - Enter mobile number..
2024-10-18 12:39:32,273 [main] WARN MyMavenProject - Please enter valid mobile number
2024-10-18 12:39:32,274 [main] INFO MyMavenProject - Click on continue button..
2024-10-18 12:39:35,686 [main] INFO MyMavenProject - Closing Browser
2024-10-18 12:39:45,862 [main] INFO MyMavenProject - Click on gender button..
2024-10-18 12:39:48,871 [main] INFO MyMavenProject - Click on next button..
2024-10-18 12:39:51,125 [main] INFO MyMavenProject - Handling age dropdown
2024-10-18 12:39:53,793 [main] INFO MyMavenProject - click on next button..
2024-10-18 12:39:56,040 [main] INFO MyMavenProject - Enter pincode..
2024-10-18 12:39:58,828 [main] WARN MyMavenProject - Please enter valid pincode
2024-10-18 12:39:58,829 [main] INFO MyMavenProject - Click on continue button..
2024-10-18 12:40:02,301 [main] INFO MyMavenProject - Closing Browser
2024-10-18 12:42:21,718 [main] INFO MyMavenProject - Click on gender button..
2024-10-18 12:42:24,591 [main] INFO MyMavenProject - Click on next button..
2024-10-18 12:42:26,974 [main] INFO MyMavenProject - Handling age dropdown
2024-10-18 12:42:31,230 [main] INFO MyMavenProject - click on next button..
2024-10-18 12:42:33,341 [main] INFO MyMavenProject - Enter mobile number..
2024-10-18 12:42:35,593 [main] WARN MyMavenProject - Please enter valid mobile number
2024-10-18 12:42:35,594 [main] INFO MyMavenProject - Click on continue button..
2024-10-18 12:42:38,824 [main] INFO MyMavenProject - Closing Browser
2024-10-18 12:42:46,431 [main] INFO MyMavenProject - Click on gender button..
2024-10-18 12:42:49,290 [main] INFO MyMavenProject - Click on next button..
2024-10-18 12:42:51,412 [main] INFO MyMavenProject - Handling age dropdown
2024-10-18 12:42:54,063 [main] INFO MyMavenProject - click on next button..
2024-10-18 12:42:56,158 [main] INFO MyMavenProject - Enter pincode..
2024-10-18 12:42:58,346 [main] WARN MyMavenProject - Please enter valid pincode
2024-10-18 12:42:58,347 [main] INFO MyMavenProject - Click on continue button..
2024-10-18 12:43:01,594 [main] INFO MyMavenProject - Closing Browser
2024-10-18 12:43:09,476 [main] INFO MyMavenProject - Click on gender button..
2024-10-18 12:43:12,498 [main] INFO MyMavenProject - Click on next button..
2024-10-18 12:43:14,596 [main] INFO MyMavenProject - Handling age dropdown
2024-10-18 12:43:17,223 [main] INFO MyMavenProject - click on next button..
2024-10-18 12:43:19,314 [main] INFO MyMavenProject - Click on continue button..
2024-10-18 12:43:22,647 [main] INFO MyMavenProject - Closing Browser
2024-10-18 12:44:08,486 [main] INFO MyMavenProject - Click on gender button..
2024-10-18 12:44:11,295 [main] INFO MyMavenProject - Click on next button..
2024-10-18 12:44:13,533 [main] INFO MyMavenProject - Handling age dropdown
2024-10-18 12:44:17,643 [main] INFO MyMavenProject - click on next button..
2024-10-18 12:44:19,783 [main] INFO MyMavenProject - Enter pincode..
2024-10-18 12:44:22,171 [main] WARN MyMavenProject - Please enter valid pincode
2024-10-18 12:44:22,172 [main] INFO MyMavenProject - Enter mobile number..
2024-10-18 12:44:24,567 [main] WARN MyMavenProject - Please enter valid mobile number
2024-10-18 12:44:24,569 [main] INFO MyMavenProject - Click on continue button..
2024-10-18 12:44:38,685 [main] INFO MyMavenProject - Click on gender button..
2024-10-18 12:44:41,566 [main] INFO MyMavenProject - Click on next button..
2024-10-18 12:44:43,738 [main] INFO MyMavenProject - Handling age dropdown
2024-10-18 12:44:46,123 [main] INFO MyMavenProject - click on next button..
2024-10-18 12:44:48,237 [main] INFO MyMavenProject - Enter mobile number..
2024-10-18 12:44:50,466 [main] WARN MyMavenProject - Please enter valid mobile number
2024-10-18 12:44:50,467 [main] INFO MyMavenProject - Click on continue button..
2024-10-18 12:44:53,675 [main] INFO MyMavenProject - Closing Browser
2024-10-18 12:44:58,504 [main] INFO MyMavenProject - Click on gender button..
2024-10-18 12:45:01,640 [main] INFO MyMavenProject - Click on next button..
2024-10-18 12:45:03,843 [main] INFO MyMavenProject - Handling age dropdown
2024-10-18 12:45:06,207 [main] INFO MyMavenProject - click on next button..
2024-10-18 12:45:08,339 [main] INFO MyMavenProject - Enter pincode..
2024-10-18 12:45:10,727 [main] WARN MyMavenProject - Please enter valid pincode
2024-10-18 12:45:10,728 [main] INFO MyMavenProject - Click on continue button..
2024-10-18 12:45:13,941 [main] INFO MyMavenProject - Closing Browser
2024-10-18 13:05:06,171 [main] INFO MyMavenProject - Click on gender button..
2024-10-18 13:05:09,165 [main] INFO MyMavenProject - Click on next button..
2024-10-18 13:05:11,351 [main] INFO MyMavenProject - Handling age dropdown
2024-10-18 13:05:15,318 [main] INFO MyMavenProject - click on next button..
2024-10-18 13:05:17,413 [main] INFO MyMavenProject - Enter pincode..
2024-10-18 13:05:19,841 [main] WARN MyMavenProject - Please enter valid pincode
2024-10-18 13:05:19,843 [main] INFO MyMavenProject - Enter mobile number..
2024-10-18 13:05:22,137 [main] WARN MyMavenProject - Please enter valid mobile number
2024-10-18 13:05:22,138 [main] INFO MyMavenProject - Click on continue button..
2024-10-18 13:10:59,922 [main] INFO MyMavenProject - Click on gender button..
2024-10-18 13:11:03,132 [main] INFO MyMavenProject - Click on next button..
2024-10-18 13:11:05,311 [main] INFO MyMavenProject - Handling age dropdown
2024-10-18 13:11:11,906 [main] INFO MyMavenProject - click on next button..
2024-10-18 13:11:14,095 [main] INFO MyMavenProject - Enter pincode..
2024-10-18 13:11:16,950 [main] WARN MyMavenProject - Please enter valid pincode
2024-10-18 13:11:16,954 [main] INFO MyMavenProject - Enter mobile number..
2024-10-18 13:11:19,631 [main] WARN MyMavenProject - Please enter valid mobile number
2024-10-18 13:11:19,638 [main] INFO MyMavenProject - Click on continue button..
2024-10-18 13:15:22,618 [main] INFO MyMavenProject - Click on gender button..
2024-10-18 13:15:25,563 [main] INFO MyMavenProject - Click on next button..
2024-10-18 13:15:27,879 [main] INFO MyMavenProject - Handling age dropdown
2024-10-18 13:15:31,414 [main] INFO MyMavenProject - click on next button..
2024-10-18 13:15:33,506 [main] INFO MyMavenProject - Enter pincode..
2024-10-18 13:15:35,768 [main] WARN MyMavenProject - Please enter valid pincode
2024-10-18 13:15:35,769 [main] INFO MyMavenProject - Enter mobile number..
2024-10-18 13:15:37,994 [main] WARN MyMavenProject - Please enter valid mobile number
2024-10-18 13:15:37,995 [main] INFO MyMavenProject - Click on continue button..
2024-10-18 13:21:56,211 [main] INFO MyMavenProject - Click on gender button..
2024-10-18 13:21:59,069 [main] INFO MyMavenProject - Click on next button..
2024-10-18 13:22:01,204 [main] INFO MyMavenProject - Handling age dropdown
2024-10-18 13:22:04,711 [main] INFO MyMavenProject - click on next button..
2024-10-18 13:22:06,895 [main] INFO MyMavenProject - Enter mobile number..
2024-10-18 13:22:09,135 [main] WARN MyMavenProject - Please enter valid mobile number
2024-10-18 13:22:09,136 [main] INFO MyMavenProject - Click on continue button..
2024-10-18 13:22:12,364 [main] INFO MyMavenProject - Closing Browser
2024-10-18 13:22:16,444 [main] INFO MyMavenProject - Click on gender button..
2024-10-18 13:22:19,215 [main] INFO MyMavenProject - Click on next button..
2024-10-18 13:22:21,386 [main] INFO MyMavenProject - Handling age dropdown
2024-10-18 13:22:23,694 [main] INFO MyMavenProject - click on next button..
2024-10-18 13:22:25,837 [main] INFO MyMavenProject - Enter pincode..
2024-10-18 13:22:28,092 [main] WARN MyMavenProject - Please enter valid pincode
2024-10-18 13:22:28,093 [main] INFO MyMavenProject - Click on continue button..
2024-10-18 13:22:31,290 [main] INFO MyMavenProject - Closing Browser
2024-10-18 13:22:35,396 [main] INFO MyMavenProject - Click on gender button..
2024-10-18 13:22:38,142 [main] INFO MyMavenProject - Click on next button..
2024-10-18 13:22:40,299 [main] INFO MyMavenProject - Handling age dropdown
2024-10-18 13:22:42,601 [main] INFO MyMavenProject - click on next button..
2024-10-18 13:22:44,716 [main] INFO MyMavenProject - Click on continue button..
2024-10-18 13:22:48,064 [main] INFO MyMavenProject - Closing Browser
