2024-10-11 16:16:19,588 - MyMavenProject -INFO - Click on gender button..
2024-10-11 16:16:22,522 - MyMavenProject -INFO - Click on next button..
2024-10-11 16:16:25,236 - MyMavenProject -INFO - Handling age dropdown
2024-10-11 16:16:30,753 - MyMavenProject -INFO - click on next button..
2024-10-11 16:16:32,859 - MyMavenProject -INFO - Enter pincode..
2024-10-11 16:16:35,538 - MyMavenProject -WARN - Please enter valid pincode
2024-10-11 16:16:35,540 - MyMavenProject -INFO - Enter mobile number..
2024-10-11 16:16:37,857 - MyMavenProject -WARN - Please enter valid mobile number
2024-10-11 16:16:37,862 - MyMavenProject -INFO - Click on continue button..
2024-10-11 16:21:50,869 - MyMavenProject -INFO - Click on gender button..
2024-10-11 16:21:53,759 - MyMavenProject -INFO - Click on next button..
2024-10-11 16:21:55,952 - MyMavenProject -INFO - Handling age dropdown
2024-10-11 16:21:59,758 - MyMavenProject -INFO - click on next button..
2024-10-11 16:22:01,890 - MyMavenProject -INFO - Enter pincode..
2024-10-11 16:22:04,371 - MyMavenProject -WARN - Please enter valid pincode
2024-10-11 16:22:04,372 - MyMavenProject -INFO - Enter mobile number..
2024-10-11 16:22:06,592 - MyMavenProject -WARN - Please enter valid mobile number
2024-10-11 16:22:06,593 - MyMavenProject -INFO - Click on continue button..
2024-10-11 16:25:37,006 - MyMavenProject -INFO - Click on gender button..
2024-10-11 16:25:40,754 - MyMavenProject -INFO - Click on next button..
2024-10-11 16:25:43,146 - MyMavenProject -INFO - Handling age dropdown
2024-10-11 16:25:46,688 - MyMavenProject -INFO - click on next button..
2024-10-11 16:25:48,817 - MyMavenProject -INFO - Enter pincode..
2024-10-11 16:25:51,093 - MyMavenProject -WARN - Please enter valid pincode
2024-10-11 16:25:51,094 - MyMavenProject -INFO - Enter mobile number..
2024-10-11 16:25:53,354 - MyMavenProject -WARN - Please enter valid mobile number
2024-10-11 16:25:53,355 - MyMavenProject -INFO - Click on continue button..
2024-10-11 16:40:10,941 - MyMavenProject -INFO - Click on gender button..
2024-10-11 16:40:13,906 - MyMavenProject -INFO - Click on next button..
2024-10-11 16:40:16,690 - MyMavenProject -INFO - Handling age dropdown
2024-10-11 16:40:20,679 - MyMavenProject -INFO - click on next button..
2024-10-11 16:40:22,842 - MyMavenProject -INFO - Enter pincode..
2024-10-11 16:40:25,126 - MyMavenProject -WARN - Please enter valid pincode
2024-10-11 16:40:25,127 - MyMavenProject -INFO - Enter mobile number..
2024-10-11 16:40:27,432 - MyMavenProject -WARN - Please enter valid mobile number
2024-10-11 16:40:27,433 - MyMavenProject -INFO - Click on continue button..
2024-10-11 20:23:56,863 - MyMavenProject -INFO - Click on gender button..
2024-10-11 20:24:00,041 - MyMavenProject -INFO - Click on next button..
2024-10-11 20:24:02,252 - MyMavenProject -INFO - Handling age dropdown
2024-10-11 20:24:07,472 - MyMavenProject -INFO - click on next button..
2024-10-11 20:24:09,649 - MyMavenProject -INFO - Enter pincode..
2024-10-11 20:24:12,147 - MyMavenProject -WARN - Please enter valid pincode
2024-10-11 20:24:12,149 - MyMavenProject -INFO - Enter mobile number..
2024-10-11 20:24:14,616 - MyMavenProject -WARN - Please enter valid mobile number
2024-10-11 20:24:14,619 - MyMavenProject -INFO - Click on continue button..
2024-10-11 23:09:48,748 - MyMavenProject -INFO - Click on gender button..
2024-10-11 23:09:51,917 - MyMavenProject -INFO - Click on next button..
2024-10-11 23:09:54,094 - MyMavenProject -INFO - Handling age dropdown
2024-10-11 23:09:57,817 - MyMavenProject -INFO - click on next button..
2024-10-11 23:09:59,949 - MyMavenProject -INFO - Enter mobile number..
2024-10-11 23:10:02,208 - MyMavenProject -WARN - Please enter valid mobile number
2024-10-11 23:10:02,209 - MyMavenProject -INFO - Click on continue button..
2024-10-11 23:10:09,783 - MyMavenProject -INFO - Click on gender button..
2024-10-11 23:10:13,241 - MyMavenProject -INFO - Click on next button..
2024-10-11 23:10:15,390 - MyMavenProject -INFO - Handling age dropdown
2024-10-11 23:10:17,720 - MyMavenProject -INFO - click on next button..
2024-10-11 23:10:19,826 - MyMavenProject -INFO - Enter pincode..
2024-10-11 23:10:22,022 - MyMavenProject -WARN - Please enter valid pincode
2024-10-11 23:10:22,023 - MyMavenProject -INFO - Click on continue button..
2024-10-11 23:13:59,573 - MyMavenProject -INFO - Click on gender button..
2024-10-11 23:14:02,338 - MyMavenProject -INFO - Click on next button..
2024-10-11 23:14:04,504 - MyMavenProject -INFO - Handling age dropdown
2024-10-11 23:14:06,769 - MyMavenProject -INFO - click on next button..
2024-10-11 23:14:08,920 - MyMavenProject -INFO - Click on continue button..
2024-10-11 23:15:33,700 - MyMavenProject -INFO - Click on gender button..
2024-10-11 23:15:36,420 - MyMavenProject -INFO - Click on next button..
2024-10-11 23:15:38,616 - MyMavenProject -INFO - Handling age dropdown
2024-10-11 23:15:42,063 - MyMavenProject -INFO - click on next button..
2024-10-11 23:15:44,197 - MyMavenProject -INFO - Enter mobile number..
2024-10-11 23:15:46,441 - MyMavenProject -WARN - Please enter valid mobile number
2024-10-11 23:15:46,442 - MyMavenProject -INFO - Click on continue button..
2024-10-11 23:20:06,744 - MyMavenProject -INFO - Click on gender button..
2024-10-11 23:20:09,649 - MyMavenProject -INFO - Click on next button..
2024-10-11 23:20:12,474 - MyMavenProject -INFO - Handling age dropdown
2024-10-11 23:20:17,012 - MyMavenProject -INFO - click on next button..
2024-10-11 23:20:19,158 - MyMavenProject -INFO - Enter mobile number..
2024-10-11 23:20:21,535 - MyMavenProject -WARN - Please enter valid mobile number
2024-10-11 23:20:21,536 - MyMavenProject -INFO - Click on continue button..
2024-10-11 23:20:28,660 - MyMavenProject -INFO - Click on gender button..
2024-10-11 23:20:31,292 - MyMavenProject -INFO - Click on next button..
2024-10-11 23:20:33,451 - MyMavenProject -INFO - Handling age dropdown
2024-10-11 23:20:35,743 - MyMavenProject -INFO - click on next button..
2024-10-11 23:20:37,838 - MyMavenProject -INFO - Enter pincode..
2024-10-11 23:20:40,064 - MyMavenProject -WARN - Please enter valid pincode
2024-10-11 23:20:40,066 - MyMavenProject -INFO - Click on continue button..
2024-10-11 23:44:36,778 - MyMavenProject -INFO - Launching Browser
2024-10-11 23:44:43,078 - MyMavenProject -INFO - Click on gender button..
2024-10-11 23:44:45,764 - MyMavenProject -INFO - Click on next button..
2024-10-11 23:44:47,932 - MyMavenProject -INFO - Handling age dropdown
2024-10-11 23:44:51,424 - MyMavenProject -INFO - click on next button..
2024-10-11 23:44:53,584 - MyMavenProject -INFO - Enter mobile number..
2024-10-11 23:44:55,829 - MyMavenProject -WARN - Please enter valid mobile number
2024-10-11 23:44:55,830 - MyMavenProject -INFO - Click on continue button..
2024-10-11 23:44:59,059 - MyMavenProject -INFO - Closing Browser
2024-10-11 23:44:59,359 - MyMavenProject -INFO - Launching Browser
2024-10-11 23:45:02,801 - MyMavenProject -INFO - Click on gender button..
2024-10-11 23:45:05,595 - MyMavenProject -INFO - Click on next button..
2024-10-11 23:45:07,714 - MyMavenProject -INFO - Handling age dropdown
2024-10-11 23:45:10,155 - MyMavenProject -INFO - click on next button..
2024-10-11 23:45:12,295 - MyMavenProject -INFO - Enter pincode..
2024-10-11 23:45:14,505 - MyMavenProject -WARN - Please enter valid pincode
2024-10-11 23:45:14,505 - MyMavenProject -INFO - Click on continue button..
2024-10-11 23:51:04,993 - MyMavenProject -INFO - Launching Browser
2024-10-11 23:56:23,329 - MyMavenProject -INFO - Launching Browser
2024-10-11 23:58:44,183 - MyMavenProject -INFO - Click on gender button..
2024-10-11 23:58:48,134 - MyMavenProject -INFO - Click on next button..
2024-10-11 23:58:50,268 - MyMavenProject -INFO - Handling age dropdown
2024-10-11 23:58:53,748 - MyMavenProject -INFO - click on next button..
2024-10-11 23:58:55,919 - MyMavenProject -INFO - Enter mobile number..
2024-10-11 23:58:58,133 - MyMavenProject -WARN - Please enter valid mobile number
2024-10-11 23:58:58,134 - MyMavenProject -INFO - Click on continue button..
2024-10-11 23:59:01,345 - MyMavenProject -INFO - Closing Browser
2024-10-11 23:59:05,190 - MyMavenProject -INFO - Click on gender button..
2024-10-11 23:59:07,769 - MyMavenProject -INFO - Click on next button..
2024-10-11 23:59:09,946 - MyMavenProject -INFO - Handling age dropdown
2024-10-11 23:59:12,291 - MyMavenProject -INFO - click on next button..
2024-10-11 23:59:14,430 - MyMavenProject -INFO - Enter pincode..
2024-10-11 23:59:16,617 - MyMavenProject -WARN - Please enter valid pincode
2024-10-11 23:59:16,618 - MyMavenProject -INFO - Click on continue button..
2024-10-12 00:05:19,975 - MyMavenProject -INFO - Click on gender button..
2024-10-12 00:05:22,968 - MyMavenProject -INFO - Click on next button..
2024-10-12 00:05:25,068 - MyMavenProject -INFO - Handling age dropdown
2024-10-12 00:05:28,560 - MyMavenProject -INFO - click on next button..
2024-10-12 00:05:30,680 - MyMavenProject -INFO - Enter pincode..
2024-10-12 00:05:32,913 - MyMavenProject -WARN - Please enter valid pincode
2024-10-12 00:05:32,914 - MyMavenProject -INFO - Click on continue button..
2024-10-12 00:06:38,493 - MyMavenProject -INFO - Click on gender button..
2024-10-12 00:06:41,489 - MyMavenProject -INFO - Click on next button..
2024-10-12 00:06:43,621 - MyMavenProject -INFO - Handling age dropdown
2024-10-12 00:06:47,407 - MyMavenProject -INFO - click on next button..
2024-10-12 00:06:49,517 - MyMavenProject -INFO - Click on continue button..
2024-10-12 00:06:52,905 - MyMavenProject -INFO - Closing Browser
2024-10-12 00:08:06,624 - MyMavenProject -INFO - Click on gender button..
2024-10-12 00:08:09,623 - MyMavenProject -INFO - Click on next button..
2024-10-12 00:08:11,748 - MyMavenProject -INFO - Handling age dropdown
2024-10-12 00:08:15,538 - MyMavenProject -INFO - click on next button..
2024-10-12 00:08:17,665 - MyMavenProject -INFO - Enter pincode..
2024-10-12 00:08:19,888 - MyMavenProject -WARN - Please enter valid pincode
2024-10-12 00:08:19,889 - MyMavenProject -INFO - Click on continue button..
2024-10-12 00:11:17,354 - MyMavenProject -INFO - Click on gender button..
2024-10-12 00:11:21,629 - MyMavenProject -INFO - Click on next button..
2024-10-12 00:11:23,041 - MyMavenProject -INFO - Closing Browser
2024-10-12 00:11:23,771 - MyMavenProject -INFO - Handling age dropdown
2024-10-12 00:11:27,488 - MyMavenProject -INFO - click on next button..
2024-10-12 00:11:29,634 - MyMavenProject -INFO - Enter mobile number..
2024-10-12 00:11:31,901 - MyMavenProject -WARN - Please enter valid mobile number
2024-10-12 00:11:31,902 - MyMavenProject -INFO - Click on continue button..
2024-10-12 00:11:35,192 - MyMavenProject -INFO - Closing Browser
2024-10-12 00:11:40,300 - MyMavenProject -INFO - Click on gender button..
2024-10-12 00:11:43,307 - MyMavenProject -INFO - Click on next button..
2024-10-12 00:11:45,414 - MyMavenProject -INFO - Handling age dropdown
2024-10-12 00:11:47,750 - MyMavenProject -INFO - click on next button..
2024-10-12 00:11:49,887 - MyMavenProject -INFO - Enter pincode..
2024-10-12 00:11:52,132 - MyMavenProject -WARN - Please enter valid pincode
2024-10-12 00:11:52,133 - MyMavenProject -INFO - Click on continue button..
2024-10-12 00:11:55,366 - MyMavenProject -INFO - Closing Browser
2024-10-12 00:12:00,143 - MyMavenProject -INFO - Click on gender button..
2024-10-12 00:12:03,382 - MyMavenProject -INFO - Click on next button..
2024-10-12 00:12:05,499 - MyMavenProject -INFO - Handling age dropdown
2024-10-12 00:12:07,845 - MyMavenProject -INFO - click on next button..
2024-10-12 00:12:09,977 - MyMavenProject -INFO - Click on continue button..
2024-10-12 00:12:13,321 - MyMavenProject -INFO - Closing Browser
2024-10-12 00:14:51,334 - MyMavenProject -INFO - Click on gender button..
2024-10-12 00:14:54,271 - MyMavenProject -INFO - Click on next button..
2024-10-12 00:14:56,734 - MyMavenProject -INFO - Handling age dropdown
2024-10-12 00:15:00,152 - MyMavenProject -INFO - click on next button..
2024-10-12 00:15:02,308 - MyMavenProject -INFO - Enter pincode..
2024-10-12 00:15:04,562 - MyMavenProject -WARN - Please enter valid pincode
2024-10-12 00:15:04,564 - MyMavenProject -INFO - Enter mobile number..
2024-10-12 00:15:06,777 - MyMavenProject -WARN - Please enter valid mobile number
2024-10-12 00:15:06,778 - MyMavenProject -INFO - Click on continue button..
2024-10-12 00:16:45,978 - MyMavenProject -INFO - Click on gender button..
2024-10-12 00:16:49,418 - MyMavenProject -INFO - Click on next button..
2024-10-12 00:16:51,557 - MyMavenProject -INFO - Handling age dropdown
2024-10-12 00:16:55,078 - MyMavenProject -INFO - click on next button..
2024-10-12 00:16:57,201 - MyMavenProject -INFO - Enter pincode..
2024-10-12 00:16:59,410 - MyMavenProject -WARN - Please enter valid pincode
2024-10-12 00:16:59,413 - MyMavenProject -INFO - Enter mobile number..
2024-10-12 00:17:01,603 - MyMavenProject -WARN - Please enter valid mobile number
2024-10-12 00:17:01,604 - MyMavenProject -INFO - Click on continue button..
2024-10-12 00:17:12,411 - MyMavenProject -INFO - Click on gender button..
2024-10-12 00:17:15,361 - MyMavenProject -INFO - Click on next button..
2024-10-12 00:17:17,567 - MyMavenProject -INFO - Handling age dropdown
2024-10-12 00:17:21,298 - MyMavenProject -INFO - click on next button..
2024-10-12 00:17:23,520 - MyMavenProject -INFO - Enter mobile number..
2024-10-12 00:17:25,891 - MyMavenProject -WARN - Please enter valid mobile number
2024-10-12 00:17:25,892 - MyMavenProject -INFO - Click on continue button..
2024-10-12 00:17:29,141 - MyMavenProject -INFO - Closing Browser
2024-10-12 00:17:36,580 - MyMavenProject -INFO - Click on gender button..
2024-10-12 00:18:21,082 - MyMavenProject -INFO - Click on next button..
2024-10-12 00:18:23,235 - MyMavenProject -INFO - Handling age dropdown
2024-10-12 00:18:25,554 - MyMavenProject -INFO - click on next button..
2024-10-12 00:18:27,668 - MyMavenProject -INFO - Enter pincode..
2024-10-12 00:18:29,835 - MyMavenProject -WARN - Please enter valid pincode
2024-10-12 00:18:29,836 - MyMavenProject -INFO - Click on continue button..
2024-10-12 00:18:33,066 - MyMavenProject -INFO - Closing Browser
2024-10-12 00:19:24,419 - MyMavenProject -INFO - Click on gender button..
2024-10-12 00:19:27,129 - MyMavenProject -INFO - Click on next button..
2024-10-12 00:19:29,229 - MyMavenProject -INFO - Handling age dropdown
2024-10-12 00:19:33,050 - MyMavenProject -INFO - click on next button..
2024-10-12 00:19:35,177 - MyMavenProject -INFO - Enter mobile number..
2024-10-12 00:19:37,410 - MyMavenProject -WARN - Please enter valid mobile number
2024-10-12 00:19:37,411 - MyMavenProject -INFO - Click on continue button..
2024-10-12 00:19:40,660 - MyMavenProject -INFO - Closing Browser
2024-10-12 00:20:59,184 - MyMavenProject -INFO - Click on gender button..
2024-10-12 00:21:02,015 - MyMavenProject -INFO - Click on next button..
2024-10-12 00:21:04,456 - MyMavenProject -INFO - Handling age dropdown
2024-10-12 00:21:08,145 - MyMavenProject -INFO - click on next button..
2024-10-12 00:21:10,269 - MyMavenProject -INFO - Enter pincode..
2024-10-12 00:21:12,522 - MyMavenProject -WARN - Please enter valid pincode
2024-10-12 00:21:12,523 - MyMavenProject -INFO - Enter mobile number..
2024-10-12 00:21:14,770 - MyMavenProject -WARN - Please enter valid mobile number
2024-10-12 00:21:14,772 - MyMavenProject -INFO - Click on continue button..
2024-10-12 00:21:26,720 - MyMavenProject -INFO - Click on gender button..
2024-10-12 00:21:29,475 - MyMavenProject -INFO - Click on next button..
2024-10-12 00:21:31,569 - MyMavenProject -INFO - Handling age dropdown
2024-10-12 00:21:33,910 - MyMavenProject -INFO - click on next button..
2024-10-12 00:21:36,001 - MyMavenProject -INFO - Enter mobile number..
2024-10-12 00:21:38,207 - MyMavenProject -WARN - Please enter valid mobile number
2024-10-12 00:21:38,208 - MyMavenProject -INFO - Click on continue button..
2024-10-12 00:21:41,397 - MyMavenProject -INFO - Closing Browser
2024-10-14 09:59:27,184 - MyMavenProject -INFO - Click on gender button..
2024-10-14 09:59:30,344 - MyMavenProject -INFO - Click on next button..
2024-10-14 09:59:32,742 - MyMavenProject -INFO - Handling age dropdown
2024-10-14 09:59:36,608 - MyMavenProject -INFO - click on next button..
2024-10-14 09:59:38,730 - MyMavenProject -INFO - Enter mobile number..
2024-10-14 09:59:40,984 - MyMavenProject -WARN - Please enter valid mobile number
2024-10-14 09:59:40,986 - MyMavenProject -INFO - Click on continue button..
2024-10-14 09:59:44,290 - MyMavenProject -INFO - Closing Browser
2024-10-14 09:59:49,409 - MyMavenProject -INFO - Click on gender button..
2024-10-14 09:59:52,275 - MyMavenProject -INFO - Click on next button..
2024-10-14 09:59:55,180 - MyMavenProject -INFO - Handling age dropdown
2024-10-14 09:59:57,525 - MyMavenProject -INFO - click on next button..
2024-10-14 09:59:59,642 - MyMavenProject -INFO - Enter pincode..
2024-10-14 10:00:01,840 - MyMavenProject -WARN - Please enter valid pincode
2024-10-14 10:00:01,841 - MyMavenProject -INFO - Click on continue button..
2024-10-14 10:00:05,092 - MyMavenProject -INFO - Closing Browser
2024-10-14 10:00:09,075 - MyMavenProject -INFO - Click on gender button..
2024-10-14 10:00:11,894 - MyMavenProject -INFO - Click on next button..
2024-10-14 10:00:14,072 - MyMavenProject -INFO - Handling age dropdown
2024-10-14 10:00:16,365 - MyMavenProject -INFO - click on next button..
2024-10-14 10:00:18,480 - MyMavenProject -INFO - Click on continue button..
2024-10-14 10:00:21,887 - MyMavenProject -INFO - Closing Browser
2024-10-14 10:02:16,966 - MyMavenProject -INFO - Click on gender button..
2024-10-14 10:02:19,684 - MyMavenProject -INFO - Click on next button..
2024-10-14 10:02:21,947 - MyMavenProject -INFO - Handling age dropdown
2024-10-14 10:02:25,457 - MyMavenProject -INFO - click on next button..
2024-10-14 10:02:27,569 - MyMavenProject -INFO - Enter pincode..
2024-10-14 10:02:29,849 - MyMavenProject -WARN - Please enter valid pincode
2024-10-14 10:02:29,849 - MyMavenProject -INFO - Enter mobile number..
2024-10-14 10:02:32,262 - MyMavenProject -WARN - Please enter valid mobile number
2024-10-14 10:02:32,263 - MyMavenProject -INFO - Click on continue button..
2024-10-14 10:02:44,472 - MyMavenProject -INFO - Click on gender button..
2024-10-14 10:02:47,118 - MyMavenProject -INFO - Click on next button..
2024-10-14 10:02:49,299 - MyMavenProject -INFO - Handling age dropdown
2024-10-14 10:02:51,664 - MyMavenProject -INFO - click on next button..
2024-10-14 10:02:53,928 - MyMavenProject -INFO - Enter mobile number..
2024-10-14 10:02:56,147 - MyMavenProject -WARN - Please enter valid mobile number
2024-10-14 10:02:56,148 - MyMavenProject -INFO - Click on continue button..
2024-10-14 10:02:59,382 - MyMavenProject -INFO - Closing Browser
2024-10-14 10:03:03,406 - MyMavenProject -INFO - Click on gender button..
2024-10-14 10:03:06,298 - MyMavenProject -INFO - Click on next button..
2024-10-14 10:03:08,748 - MyMavenProject -INFO - Handling age dropdown
2024-10-14 10:03:11,058 - MyMavenProject -INFO - click on next button..
2024-10-14 10:03:13,155 - MyMavenProject -INFO - Enter pincode..
2024-10-14 10:03:15,461 - MyMavenProject -WARN - Please enter valid pincode
2024-10-14 10:03:15,462 - MyMavenProject -INFO - Click on continue button..
2024-10-14 10:03:18,717 - MyMavenProject -INFO - Closing Browser
2024-10-14 10:03:22,391 - MyMavenProject -INFO - Click on gender button..
2024-10-14 10:03:25,102 - MyMavenProject -INFO - Click on next button..
2024-10-14 10:03:27,188 - MyMavenProject -INFO - Handling age dropdown
2024-10-14 10:03:29,505 - MyMavenProject -INFO - click on next button..
2024-10-14 10:03:31,606 - MyMavenProject -INFO - Click on continue button..
2024-10-14 10:03:34,944 - MyMavenProject -INFO - Closing Browser
2024-10-14 15:23:21,035 - MyMavenProject -INFO - Click on gender button..
2024-10-14 15:23:24,924 - MyMavenProject -INFO - Click on next button..
2024-10-14 15:23:27,430 - MyMavenProject -INFO - Handling age dropdown
2024-10-14 15:23:31,087 - MyMavenProject -INFO - click on next button..
2024-10-14 15:23:33,229 - MyMavenProject -INFO - Enter pincode..
2024-10-14 15:23:35,488 - MyMavenProject -WARN - Please enter valid pincode
2024-10-14 15:23:35,490 - MyMavenProject -INFO - Enter mobile number..
2024-10-14 15:23:37,750 - MyMavenProject -WARN - Please enter valid mobile number
2024-10-14 15:23:37,751 - MyMavenProject -INFO - Click on continue button..
2024-10-18 11:33:12,099 - MyMavenProject -INFO - Click on gender button..
2024-10-18 11:33:16,313 - MyMavenProject -INFO - Click on next button..
2024-10-18 11:33:18,411 - MyMavenProject -INFO - Handling age dropdown
2024-10-18 11:33:22,426 - MyMavenProject -INFO - click on next button..
2024-10-18 11:33:24,533 - MyMavenProject -INFO - Enter pincode..
2024-10-18 11:33:26,791 - MyMavenProject -WARN - Please enter valid pincode
2024-10-18 11:33:26,792 - MyMavenProject -INFO - Enter mobile number..
2024-10-18 11:33:29,057 - MyMavenProject -WARN - Please enter valid mobile number
2024-10-18 11:33:29,058 - MyMavenProject -INFO - Click on continue button..
2024-10-18 11:56:57,096 - MyMavenProject -INFO - Click on gender button..
2024-10-18 11:56:59,862 - MyMavenProject -INFO - Click on next button..
2024-10-18 11:57:02,084 - MyMavenProject -INFO - Handling age dropdown
2024-10-18 11:57:05,645 - MyMavenProject -INFO - click on next button..
2024-10-18 11:57:07,828 - MyMavenProject -INFO - Enter pincode..
2024-10-18 11:57:10,065 - MyMavenProject -WARN - Please enter valid pincode
2024-10-18 11:57:10,067 - MyMavenProject -INFO - Enter mobile number..
2024-10-18 11:57:12,266 - MyMavenProject -WARN - Please enter valid mobile number
2024-10-18 11:57:12,267 - MyMavenProject -INFO - Click on continue button..
2024-10-18 11:57:25,243 - MyMavenProject -INFO - Click on gender button..
2024-10-18 11:57:28,318 - MyMavenProject -INFO - Click on next button..
2024-10-18 11:57:30,484 - MyMavenProject -INFO - Handling age dropdown
2024-10-18 11:57:33,145 - MyMavenProject -INFO - click on next button..
2024-10-18 11:57:35,272 - MyMavenProject -INFO - Enter mobile number..
2024-10-18 11:57:37,495 - MyMavenProject -WARN - Please enter valid mobile number
2024-10-18 11:57:37,497 - MyMavenProject -INFO - Click on continue button..
2024-10-18 11:57:40,722 - MyMavenProject -INFO - Closing Browser
2024-10-18 11:57:51,222 - MyMavenProject -INFO - Click on gender button..
2024-10-18 11:57:54,333 - MyMavenProject -INFO - Click on next button..
2024-10-18 11:57:58,653 - MyMavenProject -INFO - Handling age dropdown
2024-10-18 11:58:00,926 - MyMavenProject -INFO - click on next button..
2024-10-18 11:58:03,348 - MyMavenProject -INFO - Enter pincode..
2024-10-18 11:58:06,711 - MyMavenProject -WARN - Please enter valid pincode
2024-10-18 11:58:06,712 - MyMavenProject -INFO - Click on continue button..
2024-10-18 11:58:09,891 - MyMavenProject -INFO - Closing Browser
2024-10-18 11:58:19,944 - MyMavenProject -INFO - Click on gender button..
2024-10-18 11:58:22,731 - MyMavenProject -INFO - Click on next button..
2024-10-18 11:58:24,891 - MyMavenProject -INFO - Handling age dropdown
2024-10-18 11:58:27,160 - MyMavenProject -INFO - click on next button..
2024-10-18 11:58:29,276 - MyMavenProject -INFO - Click on continue button..
2024-10-18 11:58:32,611 - MyMavenProject -INFO - Closing Browser
2024-10-18 11:59:29,696 - MyMavenProject -INFO - Click on gender button..
2024-10-18 11:59:35,383 - MyMavenProject -INFO - Click on next button..
2024-10-18 11:59:37,565 - MyMavenProject -INFO - Handling age dropdown
2024-10-18 11:59:41,476 - MyMavenProject -INFO - click on next button..
2024-10-18 11:59:43,587 - MyMavenProject -INFO - Enter pincode..
2024-10-18 11:59:45,803 - MyMavenProject -WARN - Please enter valid pincode
2024-10-18 11:59:45,805 - MyMavenProject -INFO - Enter mobile number..
2024-10-18 11:59:48,152 - MyMavenProject -WARN - Please enter valid mobile number
2024-10-18 11:59:48,153 - MyMavenProject -INFO - Click on continue button..
2024-10-18 12:00:01,751 - MyMavenProject -INFO - Click on gender button..
2024-10-18 12:00:04,473 - MyMavenProject -INFO - Click on next button..
2024-10-18 12:00:06,861 - MyMavenProject -INFO - Handling age dropdown
2024-10-18 12:00:09,225 - MyMavenProject -INFO - click on next button..
2024-10-18 12:00:11,332 - MyMavenProject -INFO - Enter mobile number..
2024-10-18 12:00:13,605 - MyMavenProject -WARN - Please enter valid mobile number
2024-10-18 12:00:13,606 - MyMavenProject -INFO - Click on continue button..
2024-10-18 12:00:16,783 - MyMavenProject -INFO - Closing Browser
2024-10-18 12:00:23,398 - MyMavenProject -INFO - Click on gender button..
2024-10-18 12:00:26,114 - MyMavenProject -INFO - Click on next button..
2024-10-18 12:00:28,284 - MyMavenProject -INFO - Handling age dropdown
2024-10-18 12:00:30,552 - MyMavenProject -INFO - click on next button..
2024-10-18 12:00:32,703 - MyMavenProject -INFO - Enter pincode..
2024-10-18 12:00:34,912 - MyMavenProject -WARN - Please enter valid pincode
2024-10-18 12:00:34,913 - MyMavenProject -INFO - Click on continue button..
2024-10-18 12:00:38,124 - MyMavenProject -INFO - Closing Browser
2024-10-18 12:00:43,511 - MyMavenProject -INFO - Click on gender button..
2024-10-18 12:00:48,575 - MyMavenProject -INFO - Click on next button..
2024-10-18 12:00:50,749 - MyMavenProject -INFO - Handling age dropdown
2024-10-18 12:00:53,004 - MyMavenProject -INFO - click on next button..
2024-10-18 12:00:55,141 - MyMavenProject -INFO - Click on continue button..
2024-10-18 12:00:58,432 - MyMavenProject -INFO - Closing Browser
2024-10-18 12:38:43,076 - MyMavenProject -INFO - Click on gender button..
2024-10-18 12:38:46,370 - MyMavenProject -INFO - Click on next button..
2024-10-18 12:38:49,186 - MyMavenProject -INFO - Handling age dropdown
2024-10-18 12:38:55,385 - MyMavenProject -INFO - click on next button..
2024-10-18 12:38:57,584 - MyMavenProject -INFO - Enter pincode..
2024-10-18 12:39:00,232 - MyMavenProject -WARN - Please enter valid pincode
2024-10-18 12:39:00,233 - MyMavenProject -INFO - Enter mobile number..
2024-10-18 12:39:02,696 - MyMavenProject -WARN - Please enter valid mobile number
2024-10-18 12:39:02,698 - MyMavenProject -INFO - Click on continue button..
2024-10-18 12:39:19,117 - MyMavenProject -INFO - Click on gender button..
2024-10-18 12:39:22,123 - MyMavenProject -INFO - Click on next button..
2024-10-18 12:39:24,344 - MyMavenProject -INFO - Handling age dropdown
2024-10-18 12:39:27,503 - MyMavenProject -INFO - click on next button..
2024-10-18 12:39:29,676 - MyMavenProject -INFO - Enter mobile number..
2024-10-18 12:39:32,273 - MyMavenProject -WARN - Please enter valid mobile number
2024-10-18 12:39:32,274 - MyMavenProject -INFO - Click on continue button..
2024-10-18 12:39:35,686 - MyMavenProject -INFO - Closing Browser
2024-10-18 12:39:45,862 - MyMavenProject -INFO - Click on gender button..
2024-10-18 12:39:48,871 - MyMavenProject -INFO - Click on next button..
2024-10-18 12:39:51,125 - MyMavenProject -INFO - Handling age dropdown
2024-10-18 12:39:53,793 - MyMavenProject -INFO - click on next button..
2024-10-18 12:39:56,040 - MyMavenProject -INFO - Enter pincode..
2024-10-18 12:39:58,828 - MyMavenProject -WARN - Please enter valid pincode
2024-10-18 12:39:58,829 - MyMavenProject -INFO - Click on continue button..
2024-10-18 12:40:02,301 - MyMavenProject -INFO - Closing Browser
2024-10-18 12:42:21,718 - MyMavenProject -INFO - Click on gender button..
2024-10-18 12:42:24,591 - MyMavenProject -INFO - Click on next button..
2024-10-18 12:42:26,974 - MyMavenProject -INFO - Handling age dropdown
2024-10-18 12:42:31,230 - MyMavenProject -INFO - click on next button..
2024-10-18 12:42:33,341 - MyMavenProject -INFO - Enter mobile number..
2024-10-18 12:42:35,593 - MyMavenProject -WARN - Please enter valid mobile number
2024-10-18 12:42:35,594 - MyMavenProject -INFO - Click on continue button..
2024-10-18 12:42:38,824 - MyMavenProject -INFO - Closing Browser
2024-10-18 12:42:46,431 - MyMavenProject -INFO - Click on gender button..
2024-10-18 12:42:49,290 - MyMavenProject -INFO - Click on next button..
2024-10-18 12:42:51,412 - MyMavenProject -INFO - Handling age dropdown
2024-10-18 12:42:54,063 - MyMavenProject -INFO - click on next button..
2024-10-18 12:42:56,158 - MyMavenProject -INFO - Enter pincode..
2024-10-18 12:42:58,346 - MyMavenProject -WARN - Please enter valid pincode
2024-10-18 12:42:58,347 - MyMavenProject -INFO - Click on continue button..
2024-10-18 12:43:01,594 - MyMavenProject -INFO - Closing Browser
2024-10-18 12:43:09,476 - MyMavenProject -INFO - Click on gender button..
2024-10-18 12:43:12,498 - MyMavenProject -INFO - Click on next button..
2024-10-18 12:43:14,596 - MyMavenProject -INFO - Handling age dropdown
2024-10-18 12:43:17,223 - MyMavenProject -INFO - click on next button..
2024-10-18 12:43:19,314 - MyMavenProject -INFO - Click on continue button..
2024-10-18 12:43:22,647 - MyMavenProject -INFO - Closing Browser
2024-10-18 12:44:08,486 - MyMavenProject -INFO - Click on gender button..
2024-10-18 12:44:11,295 - MyMavenProject -INFO - Click on next button..
2024-10-18 12:44:13,533 - MyMavenProject -INFO - Handling age dropdown
2024-10-18 12:44:17,643 - MyMavenProject -INFO - click on next button..
2024-10-18 12:44:19,783 - MyMavenProject -INFO - Enter pincode..
2024-10-18 12:44:22,171 - MyMavenProject -WARN - Please enter valid pincode
2024-10-18 12:44:22,172 - MyMavenProject -INFO - Enter mobile number..
2024-10-18 12:44:24,567 - MyMavenProject -WARN - Please enter valid mobile number
2024-10-18 12:44:24,569 - MyMavenProject -INFO - Click on continue button..
2024-10-18 12:44:38,685 - MyMavenProject -INFO - Click on gender button..
2024-10-18 12:44:41,566 - MyMavenProject -INFO - Click on next button..
2024-10-18 12:44:43,738 - MyMavenProject -INFO - Handling age dropdown
2024-10-18 12:44:46,123 - MyMavenProject -INFO - click on next button..
2024-10-18 12:44:48,237 - MyMavenProject -INFO - Enter mobile number..
2024-10-18 12:44:50,466 - MyMavenProject -WARN - Please enter valid mobile number
2024-10-18 12:44:50,467 - MyMavenProject -INFO - Click on continue button..
2024-10-18 12:44:53,675 - MyMavenProject -INFO - Closing Browser
2024-10-18 12:44:58,504 - MyMavenProject -INFO - Click on gender button..
2024-10-18 12:45:01,640 - MyMavenProject -INFO - Click on next button..
2024-10-18 12:45:03,843 - MyMavenProject -INFO - Handling age dropdown
2024-10-18 12:45:06,207 - MyMavenProject -INFO - click on next button..
2024-10-18 12:45:08,339 - MyMavenProject -INFO - Enter pincode..
2024-10-18 12:45:10,727 - MyMavenProject -WARN - Please enter valid pincode
2024-10-18 12:45:10,728 - MyMavenProject -INFO - Click on continue button..
2024-10-18 12:45:13,941 - MyMavenProject -INFO - Closing Browser
2024-10-18 13:05:06,171 - MyMavenProject -INFO - Click on gender button..
2024-10-18 13:05:09,165 - MyMavenProject -INFO - Click on next button..
2024-10-18 13:05:11,351 - MyMavenProject -INFO - Handling age dropdown
2024-10-18 13:05:15,318 - MyMavenProject -INFO - click on next button..
2024-10-18 13:05:17,413 - MyMavenProject -INFO - Enter pincode..
2024-10-18 13:05:19,841 - MyMavenProject -WARN - Please enter valid pincode
2024-10-18 13:05:19,843 - MyMavenProject -INFO - Enter mobile number..
2024-10-18 13:05:22,137 - MyMavenProject -WARN - Please enter valid mobile number
2024-10-18 13:05:22,138 - MyMavenProject -INFO - Click on continue button..
2024-10-18 13:10:59,922 - MyMavenProject -INFO - Click on gender button..
2024-10-18 13:11:03,132 - MyMavenProject -INFO - Click on next button..
2024-10-18 13:11:05,311 - MyMavenProject -INFO - Handling age dropdown
2024-10-18 13:11:11,906 - MyMavenProject -INFO - click on next button..
2024-10-18 13:11:14,095 - MyMavenProject -INFO - Enter pincode..
2024-10-18 13:11:16,950 - MyMavenProject -WARN - Please enter valid pincode
2024-10-18 13:11:16,954 - MyMavenProject -INFO - Enter mobile number..
2024-10-18 13:11:19,631 - MyMavenProject -WARN - Please enter valid mobile number
2024-10-18 13:11:19,638 - MyMavenProject -INFO - Click on continue button..
2024-10-18 13:15:22,618 - MyMavenProject -INFO - Click on gender button..
2024-10-18 13:15:25,563 - MyMavenProject -INFO - Click on next button..
2024-10-18 13:15:27,879 - MyMavenProject -INFO - Handling age dropdown
2024-10-18 13:15:31,414 - MyMavenProject -INFO - click on next button..
2024-10-18 13:15:33,506 - MyMavenProject -INFO - Enter pincode..
2024-10-18 13:15:35,768 - MyMavenProject -WARN - Please enter valid pincode
2024-10-18 13:15:35,769 - MyMavenProject -INFO - Enter mobile number..
2024-10-18 13:15:37,994 - MyMavenProject -WARN - Please enter valid mobile number
2024-10-18 13:15:37,995 - MyMavenProject -INFO - Click on continue button..
2024-10-18 13:21:56,211 - MyMavenProject -INFO - Click on gender button..
2024-10-18 13:21:59,069 - MyMavenProject -INFO - Click on next button..
2024-10-18 13:22:01,204 - MyMavenProject -INFO - Handling age dropdown
2024-10-18 13:22:04,711 - MyMavenProject -INFO - click on next button..
2024-10-18 13:22:06,895 - MyMavenProject -INFO - Enter mobile number..
2024-10-18 13:22:09,135 - MyMavenProject -WARN - Please enter valid mobile number
2024-10-18 13:22:09,136 - MyMavenProject -INFO - Click on continue button..
2024-10-18 13:22:12,364 - MyMavenProject -INFO - Closing Browser
2024-10-18 13:22:16,444 - MyMavenProject -INFO - Click on gender button..
2024-10-18 13:22:19,215 - MyMavenProject -INFO - Click on next button..
2024-10-18 13:22:21,386 - MyMavenProject -INFO - Handling age dropdown
2024-10-18 13:22:23,694 - MyMavenProject -INFO - click on next button..
2024-10-18 13:22:25,837 - MyMavenProject -INFO - Enter pincode..
2024-10-18 13:22:28,092 - MyMavenProject -WARN - Please enter valid pincode
2024-10-18 13:22:28,093 - MyMavenProject -INFO - Click on continue button..
2024-10-18 13:22:31,290 - MyMavenProject -INFO - Closing Browser
2024-10-18 13:22:35,396 - MyMavenProject -INFO - Click on gender button..
2024-10-18 13:22:38,142 - MyMavenProject -INFO - Click on next button..
2024-10-18 13:22:40,299 - MyMavenProject -INFO - Handling age dropdown
2024-10-18 13:22:42,601 - MyMavenProject -INFO - click on next button..
2024-10-18 13:22:44,716 - MyMavenProject -INFO - Click on continue button..
2024-10-18 13:22:48,064 - MyMavenProject -INFO - Closing Browser
2024-10-19 13:14:49,633 - MyMavenProject -INFO - Click on gender button..
2024-10-19 13:14:52,487 - MyMavenProject -INFO - Click on next button..
2024-10-19 13:14:54,926 - MyMavenProject -INFO - Handling age dropdown
2024-10-19 13:15:00,713 - MyMavenProject -INFO - click on next button..
2024-10-19 13:15:02,819 - MyMavenProject -INFO - Enter mobile number..
2024-10-19 13:15:05,229 - MyMavenProject -WARN - Please enter valid mobile number
2024-10-19 13:15:05,230 - MyMavenProject -INFO - Click on continue button..
2024-10-19 13:15:08,570 - MyMavenProject -INFO - Closing Browser
2024-10-19 13:15:15,793 - MyMavenProject -INFO - Click on gender button..
2024-10-19 13:15:18,528 - MyMavenProject -INFO - Click on next button..
2024-10-19 13:15:20,698 - MyMavenProject -INFO - Handling age dropdown
2024-10-19 13:15:23,036 - MyMavenProject -INFO - click on next button..
2024-10-19 13:15:25,152 - MyMavenProject -INFO - Enter pincode..
2024-10-19 13:15:27,454 - MyMavenProject -WARN - Please enter valid pincode
2024-10-19 13:15:27,455 - MyMavenProject -INFO - Click on continue button..
2024-10-19 13:15:30,734 - MyMavenProject -INFO - Closing Browser
2024-10-19 13:15:34,945 - MyMavenProject -INFO - Click on gender button..
2024-10-19 13:15:37,641 - MyMavenProject -INFO - Click on next button..
2024-10-19 13:15:40,012 - MyMavenProject -INFO - Handling age dropdown
2024-10-19 13:15:42,398 - MyMavenProject -INFO - click on next button..
2024-10-19 13:15:44,510 - MyMavenProject -INFO - Click on continue button..
2024-10-19 13:15:47,965 - MyMavenProject -INFO - Closing Browser
2024-10-19 13:15:50,723 - MyMavenProject -INFO - Click on gender button..
2024-10-19 13:15:55,122 - MyMavenProject -INFO - Click on next button..
2024-10-19 13:15:57,308 - MyMavenProject -INFO - Handling age dropdown
2024-10-19 13:15:59,673 - MyMavenProject -INFO - click on next button..
2024-10-19 13:16:01,830 - MyMavenProject -INFO - Enter pincode..
2024-10-19 13:16:04,115 - MyMavenProject -WARN - Please enter valid pincode
2024-10-19 13:16:04,117 - MyMavenProject -INFO - Enter mobile number..
2024-10-19 13:16:06,460 - MyMavenProject -WARN - Please enter valid mobile number
2024-10-19 13:16:06,461 - MyMavenProject -INFO - Click on continue button..
2024-10-19 13:34:42,365 - MyMavenProject -INFO - Click on gender button..
2024-10-19 13:34:45,907 - MyMavenProject -INFO - Click on next button..
2024-10-19 13:34:48,098 - MyMavenProject -INFO - Handling age dropdown
2024-10-19 13:34:52,245 - MyMavenProject -INFO - click on next button..
2024-10-19 13:34:54,381 - MyMavenProject -INFO - Enter mobile number..
2024-10-19 13:34:56,670 - MyMavenProject -WARN - Please enter valid mobile number
2024-10-19 13:34:56,672 - MyMavenProject -INFO - Click on continue button..
2024-10-19 13:34:59,915 - MyMavenProject -INFO - Closing Browser
2024-10-19 13:35:04,369 - MyMavenProject -INFO - Click on gender button..
2024-10-19 13:35:07,055 - MyMavenProject -INFO - Click on next button..
2024-10-19 13:35:09,409 - MyMavenProject -INFO - Handling age dropdown
2024-10-19 13:35:11,710 - MyMavenProject -INFO - click on next button..
2024-10-19 13:35:13,827 - MyMavenProject -INFO - Enter pincode..
2024-10-19 13:35:16,084 - MyMavenProject -WARN - Please enter valid pincode
2024-10-19 13:35:16,085 - MyMavenProject -INFO - Click on continue button..
2024-10-19 13:35:19,322 - MyMavenProject -INFO - Closing Browser
2024-10-19 13:35:25,172 - MyMavenProject -INFO - Click on gender button..
2024-10-19 13:35:27,930 - MyMavenProject -INFO - Click on next button..
2024-10-19 13:35:30,110 - MyMavenProject -INFO - Handling age dropdown
2024-10-19 13:35:32,538 - MyMavenProject -INFO - click on next button..
2024-10-19 13:35:34,642 - MyMavenProject -INFO - Enter pincode..
2024-10-19 13:35:36,952 - MyMavenProject -WARN - Please enter valid pincode
2024-10-19 13:35:36,953 - MyMavenProject -INFO - Enter mobile number..
2024-10-19 13:35:39,244 - MyMavenProject -WARN - Please enter valid mobile number
2024-10-19 13:35:39,245 - MyMavenProject -INFO - Click on continue button..
2024-10-19 13:38:32,567 - MyMavenProject -INFO - Click on gender button..
2024-10-19 13:38:36,615 - MyMavenProject -INFO - Click on next button..
2024-10-19 13:38:38,806 - MyMavenProject -INFO - Handling age dropdown
2024-10-19 13:38:42,276 - MyMavenProject -INFO - click on next button..
2024-10-19 13:38:44,408 - MyMavenProject -INFO - Enter mobile number..
2024-10-19 13:38:46,716 - MyMavenProject -WARN - Please enter valid mobile number
2024-10-19 13:38:46,717 - MyMavenProject -INFO - Click on continue button..
2024-10-19 13:38:49,918 - MyMavenProject -INFO - Closing Browser
2024-10-19 13:38:53,340 - MyMavenProject -INFO - Click on gender button..
2024-10-19 13:38:57,904 - MyMavenProject -INFO - Click on next button..
2024-10-19 13:39:00,388 - MyMavenProject -INFO - Handling age dropdown
2024-10-19 13:39:02,996 - MyMavenProject -INFO - click on next button..
2024-10-19 13:39:05,097 - MyMavenProject -INFO - Enter pincode..
2024-10-19 13:39:07,343 - MyMavenProject -WARN - Please enter valid pincode
2024-10-19 13:39:07,344 - MyMavenProject -INFO - Click on continue button..
2024-10-19 13:39:10,596 - MyMavenProject -INFO - Closing Browser
2024-10-19 13:39:18,275 - MyMavenProject -INFO - Click on gender button..
2024-10-19 13:39:22,145 - MyMavenProject -INFO - Click on next button..
2024-10-19 13:39:24,272 - MyMavenProject -INFO - Handling age dropdown
2024-10-19 13:39:26,560 - MyMavenProject -INFO - click on next button..
2024-10-19 13:39:28,718 - MyMavenProject -INFO - Enter pincode..
2024-10-19 13:39:31,020 - MyMavenProject -WARN - Please enter valid pincode
2024-10-19 13:39:31,021 - MyMavenProject -INFO - Enter mobile number..
2024-10-19 13:39:33,321 - MyMavenProject -WARN - Please enter valid mobile number
2024-10-19 13:39:33,322 - MyMavenProject -INFO - Click on continue button..
2024-10-19 13:40:37,358 - MyMavenProject -INFO - Click on gender button..
2024-10-19 13:40:40,205 - MyMavenProject -INFO - Click on next button..
2024-10-19 13:40:42,422 - MyMavenProject -INFO - Handling age dropdown
2024-10-19 13:40:45,854 - MyMavenProject -INFO - click on next button..
2024-10-19 13:40:47,972 - MyMavenProject -INFO - Enter mobile number..
2024-10-19 13:40:50,277 - MyMavenProject -WARN - Please enter valid mobile number
2024-10-19 13:40:50,280 - MyMavenProject -INFO - Click on continue button..
2024-10-19 13:40:53,573 - MyMavenProject -INFO - Closing Browser
2024-10-19 13:40:58,854 - MyMavenProject -INFO - Click on gender button..
2024-10-19 13:41:01,797 - MyMavenProject -INFO - Click on next button..
2024-10-19 13:41:03,890 - MyMavenProject -INFO - Handling age dropdown
2024-10-19 13:41:06,303 - MyMavenProject -INFO - click on next button..
2024-10-19 13:41:08,395 - MyMavenProject -INFO - Enter pincode..
2024-10-19 13:41:10,572 - MyMavenProject -WARN - Please enter valid pincode
2024-10-19 13:41:10,573 - MyMavenProject -INFO - Enter mobile number..
2024-10-19 13:41:12,795 - MyMavenProject -WARN - Please enter valid mobile number
2024-10-19 13:41:12,796 - MyMavenProject -INFO - Click on continue button..
2024-10-19 13:42:03,453 - MyMavenProject -INFO - Click on gender button..
2024-10-19 13:42:06,231 - MyMavenProject -INFO - Click on next button..
2024-10-19 13:42:08,417 - MyMavenProject -INFO - Handling age dropdown
2024-10-19 13:42:11,888 - MyMavenProject -INFO - click on next button..
2024-10-19 13:42:14,023 - MyMavenProject -INFO - Enter mobile number..
2024-10-19 13:42:16,254 - MyMavenProject -WARN - Please enter valid mobile number
2024-10-19 13:42:16,255 - MyMavenProject -INFO - Click on continue button..
2024-10-19 13:42:19,471 - MyMavenProject -INFO - Closing Browser
2024-10-19 13:42:23,323 - MyMavenProject -INFO - Click on gender button..
2024-10-19 13:42:25,885 - MyMavenProject -INFO - Click on next button..
2024-10-19 13:42:28,048 - MyMavenProject -INFO - Handling age dropdown
2024-10-19 13:42:30,372 - MyMavenProject -INFO - click on next button..
2024-10-19 13:42:32,494 - MyMavenProject -INFO - Enter pincode..
2024-10-19 13:42:34,753 - MyMavenProject -WARN - Please enter valid pincode
2024-10-19 13:42:34,754 - MyMavenProject -INFO - Click on continue button..
2024-10-19 13:42:37,945 - MyMavenProject -INFO - Closing Browser
2024-10-19 13:45:22,750 - MyMavenProject -INFO - Click on gender button..
2024-10-19 13:45:25,850 - MyMavenProject -INFO - Click on next button..
2024-10-19 13:45:28,038 - MyMavenProject -INFO - Handling age dropdown
2024-10-19 13:45:31,470 - MyMavenProject -INFO - click on next button..
2024-10-19 13:45:33,589 - MyMavenProject -INFO - Enter mobile number..
2024-10-19 13:45:35,942 - MyMavenProject -WARN - Please enter valid mobile number
2024-10-19 13:45:35,943 - MyMavenProject -INFO - Click on continue button..
2024-10-19 13:45:39,187 - MyMavenProject -INFO - Closing Browser
2024-10-19 13:45:41,547 - MyMavenProject -INFO - Click on gender button..
2024-10-19 13:45:45,541 - MyMavenProject -INFO - Click on next button..
2024-10-19 13:45:47,714 - MyMavenProject -INFO - Handling age dropdown
2024-10-19 13:45:50,106 - MyMavenProject -INFO - click on next button..
2024-10-19 13:45:52,196 - MyMavenProject -INFO - Enter pincode..
2024-10-19 13:46:08,878 - MyMavenProject -WARN - Please enter valid pincode
2024-10-19 13:46:08,879 - MyMavenProject -INFO - Click on continue button..
2024-10-19 13:46:12,113 - MyMavenProject -INFO - Closing Browser
2024-10-19 13:46:18,290 - MyMavenProject -INFO - Click on gender button..
2024-10-19 13:46:21,711 - MyMavenProject -INFO - Click on next button..
2024-10-19 13:46:23,831 - MyMavenProject -INFO - Handling age dropdown
2024-10-19 13:46:26,342 - MyMavenProject -INFO - click on next button..
2024-10-19 13:46:28,472 - MyMavenProject -INFO - Click on continue button..
2024-10-19 13:46:31,791 - MyMavenProject -INFO - Closing Browser
2024-10-19 13:46:37,069 - MyMavenProject -INFO - Click on gender button..
2024-10-19 13:46:39,914 - MyMavenProject -INFO - Click on next button..
2024-10-19 13:46:42,269 - MyMavenProject -INFO - Handling age dropdown
2024-10-19 13:46:44,556 - MyMavenProject -INFO - click on next button..
2024-10-19 13:46:46,684 - MyMavenProject -INFO - Enter pincode..
2024-10-19 13:46:48,901 - MyMavenProject -WARN - Please enter valid pincode
2024-10-19 13:46:48,902 - MyMavenProject -INFO - Enter mobile number..
2024-10-19 13:46:51,221 - MyMavenProject -WARN - Please enter valid mobile number
2024-10-19 13:46:51,222 - MyMavenProject -INFO - Click on continue button..
2024-10-19 14:05:37,494 - MyMavenProject -INFO - Click on gender button..
2024-10-19 14:05:42,690 - MyMavenProject -INFO - Click on next button..
2024-10-19 14:05:44,812 - MyMavenProject -INFO - Handling age dropdown
2024-10-19 14:05:49,085 - MyMavenProject -INFO - click on next button..
2024-10-19 14:05:51,229 - MyMavenProject -INFO - Enter mobile number..
2024-10-19 14:05:53,511 - MyMavenProject -WARN - Please enter valid mobile number
2024-10-19 14:05:53,512 - MyMavenProject -INFO - Click on continue button..
2024-10-19 14:05:56,774 - MyMavenProject -INFO - Closing Browser
2024-10-19 14:06:01,307 - MyMavenProject -INFO - Click on gender button..
2024-10-19 14:06:04,307 - MyMavenProject -INFO - Click on next button..
2024-10-19 14:06:06,812 - MyMavenProject -INFO - Handling age dropdown
2024-10-19 14:06:09,349 - MyMavenProject -INFO - click on next button..
2024-10-19 14:06:11,498 - MyMavenProject -INFO - Enter pincode..
2024-10-19 14:06:13,728 - MyMavenProject -WARN - Please enter valid pincode
2024-10-19 14:06:13,729 - MyMavenProject -INFO - Click on continue button..
2024-10-19 14:06:16,982 - MyMavenProject -INFO - Closing Browser
